<?xml version="1.0" encoding="UTF-8"?>
<!-- Generated by org.testng.reporters.JUnitXMLReporter -->
<testsuite ignored="0" hostname="Mahesh" failures="2" tests="2" name="Test" time="36.316" errors="0" timestamp="2025-10-07T21:08:13 IST">
  <testcase classname="testcases.TC_002_LoginTest" name="verify_Login" time="10.06">
    <failure type="java.lang.AssertionError" message="null">
      <![CDATA[java.lang.AssertionError: null
at testcases.TC_002_LoginTest.verify_Login(TC_002_LoginTest.java:34)
at java.base/java.util.ArrayList.forEach(ArrayList.java:1604)
... Removed 31 stack frames]]>
    </failure>
  </testcase> <!-- verify_Login -->
  <testcase classname="testcases.TC001_AccountRegistrationTest" name="verify_Account_Registration" time="10.053">
    <failure type="java.lang.AssertionError" message="Test failed: element not interactable
  (Session info: chrome=141.0.7390.55)
Build info: version: &amp;apos;4.36.0&amp;apos;, revision: &amp;apos;6d115cfd87&amp;apos;
System info: os.name: &amp;apos;Windows 11&amp;apos;, os.arch: &amp;apos;amd64&amp;apos;, os.version: &amp;apos;10.0&amp;apos;, java.version: &amp;apos;24&amp;apos;
Driver info: org.openqa.selenium.chrome.ChromeDriver
Command: [317fe742f4951cdf7748c44e50fd89b2, clickElement {id=f.648071641CD1E10ADB36ACA5D9DA2F0B.d.A208AC29A2DEAFCE885D64A0DB1A738E.e.85}]
Capabilities {acceptInsecureCerts: false, browserName: chrome, browserVersion: 141.0.7390.55, chrome: {chromedriverVersion: 141.0.7390.54 (b95610d5c4a5..., userDataDir: C:\Users\Mahesh\AppData\Loc...}, fedcm:accounts: true, goog:chromeOptions: {debuggerAddress: localhost:59129}, networkConnectionEnabled: false, pageLoadStrategy: normal, platformName: windows, proxy: Proxy(), se:cdp: ws://localhost:59129/devtoo..., se:cdpVersion: 141.0.7390.55, setWindowRect: true, strictFileInteractability: false, timeouts: {implicit: 0, pageLoad: 300000, script: 30000}, unhandledPromptBehavior: dismiss and notify, webauthn:extension:credBlob: true, webauthn:extension:largeBlob: true, webauthn:extension:minPinLength: true, webauthn:extension:prf: true, webauthn:virtualAuthenticators: true}
Element: [[ChromeDriver: chrome on windows (317fe742f4951cdf7748c44e50fd89b2)] -&amp;gt; xpath: //span[text()=&amp;apos;My Account&amp;apos;]]
Session ID: 317fe742f4951cdf7748c44e50fd89b2">
      <![CDATA[java.lang.AssertionError: Test failed: element not interactable
  (Session info: chrome=141.0.7390.55)
Build info: version: '4.36.0', revision: '6d115cfd87'
System info: os.name: 'Windows 11', os.arch: 'amd64', os.version: '10.0', java.version: '24'
Driver info: org.openqa.selenium.chrome.ChromeDriver
Command: [317fe742f4951cdf7748c44e50fd89b2, clickElement {id=f.648071641CD1E10ADB36ACA5D9DA2F0B.d.A208AC29A2DEAFCE885D64A0DB1A738E.e.85}]
Capabilities {acceptInsecureCerts: false, browserName: chrome, browserVersion: 141.0.7390.55, chrome: {chromedriverVersion: 141.0.7390.54 (b95610d5c4a5..., userDataDir: C:\Users\Mahesh\AppData\Loc...}, fedcm:accounts: true, goog:chromeOptions: {debuggerAddress: localhost:59129}, networkConnectionEnabled: false, pageLoadStrategy: normal, platformName: windows, proxy: Proxy(), se:cdp: ws://localhost:59129/devtoo..., se:cdpVersion: 141.0.7390.55, setWindowRect: true, strictFileInteractability: false, timeouts: {implicit: 0, pageLoad: 300000, script: 30000}, unhandledPromptBehavior: dismiss and notify, webauthn:extension:credBlob: true, webauthn:extension:largeBlob: true, webauthn:extension:minPinLength: true, webauthn:extension:prf: true, webauthn:virtualAuthenticators: true}
Element: [[ChromeDriver: chrome on windows (317fe742f4951cdf7748c44e50fd89b2)] -> xpath: //span[text()='My Account']]
Session ID: 317fe742f4951cdf7748c44e50fd89b2
at testcases.TC001_AccountRegistrationTest.verify_Account_Registration(TC001_AccountRegistrationTest.java:44)
at java.base/java.util.ArrayList.forEach(ArrayList.java:1604)
... Removed 30 stack frames]]>
    </failure>
  </testcase> <!-- verify_Account_Registration -->
</testsuite> <!-- Test -->
